<?xml version="1.0" encoding="UTF-8"?>
<!-- Generated by org.testng.reporters.JUnitReportReporter -->
<testsuite hostname="DellLap-51" failures="0" tests="1" name="Run_Package.NestedFrameRun" time="20.245" errors="0" timestamp="2023-04-09T17:04:31 IST" skipped="0">
  <testcase classname="Run_Package.NestedFrameRun" name="childframerun" time="20.245"/>
  <system-out/>
</testsuite> <!-- Run_Package.NestedFrameRun -->
