<?xml version="1.0" encoding="UTF-8"?>
<!-- Generated by org.testng.reporters.JUnitReportReporter -->
<testsuite hostname="DellLap-51" failures="0" tests="1" name="Run_Package.Window_Run_Class" time="0.625" errors="0" timestamp="2023-04-09T17:05:11 IST" skipped="0">
  <testcase classname="Run_Package.Window_Run_Class" name="openwindownew" time="0.625"/>
  <system-out/>
</testsuite> <!-- Run_Package.Window_Run_Class -->
