<?xml version="1.0" encoding="UTF-8"?>
<!-- Generated by org.testng.reporters.JUnitReportReporter -->
<testsuite hostname="DellLap-51" failures="0" tests="4" name="Run_Package.TestRun_Alert" time="6.486" errors="0" timestamp="2023-04-09T17:06:37 IST" skipped="0">
  <testcase classname="Run_Package.TestRun_Alert" name="firstalertrun" time="0.154"/>
  <system-out/>
  <testcase classname="Run_Package.TestRun_Alert" name="secondalertrun" time="6.251"/>
  <system-out/>
  <testcase classname="Run_Package.TestRun_Alert" name="thirdlertrun" time="0.035"/>
  <system-out/>
  <testcase classname="Run_Package.TestRun_Alert" name="fourthalertrun" time="0.046"/>
  <system-out/>
</testsuite> <!-- Run_Package.TestRun_Alert -->
